TN:
SF:/home/william/Documents/PROGRAMMING/Automart-Api/app.js
FN:15,(anonymous_0)
FN:34,(anonymous_1)
FNF:2
FNH:1
FNDA:17,(anonymous_0)
FNDA:0,(anonymous_1)
DA:1,1
DA:2,1
DA:4,1
DA:6,1
DA:8,1
DA:9,1
DA:10,1
DA:11,1
DA:13,1
DA:15,1
DA:16,17
DA:17,17
DA:21,17
DA:25,17
DA:28,1
DA:30,1
DA:32,1
DA:34,1
DA:35,0
DA:38,1
DA:39,1
DA:40,1
DA:41,1
DA:43,1
LF:24
LH:23
BRF:0
BRH:0
end_of_record
TN:
SF:/home/william/Documents/PROGRAMMING/Automart-Api/index.js
FN:4,(anonymous_0)
FN:20,(anonymous_1)
FN:43,(anonymous_2)
FNF:3
FNH:2
FNDA:1,(anonymous_0)
FNDA:0,(anonymous_1)
FNDA:1,(anonymous_2)
DA:1,1
DA:2,1
DA:4,1
DA:5,1
DA:7,1
DA:8,0
DA:11,1
DA:12,1
DA:14,0
DA:17,1
DA:18,1
DA:20,1
DA:21,0
DA:22,0
DA:24,0
DA:25,0
DA:27,0
DA:29,0
DA:30,0
DA:31,0
DA:33,0
DA:34,0
DA:35,0
DA:37,0
DA:40,1
DA:43,1
DA:44,1
DA:45,1
DA:46,1
DA:48,1
DA:50,1
LF:31
LH:17
BRDA:7,0,0,0
BRDA:7,0,1,1
BRDA:11,1,0,1
BRDA:11,1,1,0
BRDA:17,2,0,1
BRDA:17,2,1,1
BRDA:21,3,0,0
BRDA:21,3,1,0
BRDA:25,4,0,0
BRDA:25,4,1,0
BRDA:27,5,0,0
BRDA:27,5,1,0
BRDA:27,5,2,0
BRDA:45,6,0,0
BRDA:45,6,1,1
BRF:15
BRH:5
end_of_record
TN:
SF:/home/william/Documents/PROGRAMMING/Automart-Api/controllers/cars.js
FN:3,(anonymous_0)
FN:23,(anonymous_1)
FN:40,(anonymous_2)
FN:55,(anonymous_3)
FN:73,(anonymous_4)
FN:91,(anonymous_5)
FNF:6
FNH:5
FNDA:0,(anonymous_0)
FNDA:3,(anonymous_1)
FNDA:2,(anonymous_2)
FNDA:1,(anonymous_3)
FNDA:1,(anonymous_4)
FNDA:2,(anonymous_5)
DA:1,1
DA:3,1
DA:4,0
DA:13,0
DA:15,0
DA:20,0
DA:23,1
DA:24,3
DA:25,3
DA:27,3
DA:32,3
DA:33,3
DA:34,3
DA:35,3
DA:37,3
DA:40,1
DA:41,2
DA:43,2
DA:47,2
DA:48,1
DA:50,1
DA:51,1
DA:55,1
DA:56,1
DA:58,1
DA:59,1
DA:60,1
DA:62,1
DA:67,1
DA:69,0
DA:73,1
DA:74,1
DA:76,1
DA:77,1
DA:78,1
DA:80,1
DA:85,1
DA:87,0
DA:91,1
DA:92,2
DA:94,2
DA:95,1
DA:97,1
DA:102,1
DA:104,2
LF:45
LH:39
BRDA:32,0,0,3
BRDA:32,0,1,0
BRDA:47,1,0,1
BRDA:47,1,1,1
BRDA:58,2,0,1
BRDA:58,2,1,0
BRDA:76,3,0,1
BRDA:76,3,1,0
BRDA:94,4,0,1
BRDA:94,4,1,1
BRF:10
BRH:7
end_of_record
TN:
SF:/home/william/Documents/PROGRAMMING/Automart-Api/controllers/flags.js
FN:3,(anonymous_0)
FN:11,(anonymous_1)
FNF:2
FNH:2
FNDA:1,(anonymous_0)
FNDA:1,(anonymous_1)
DA:1,1
DA:3,1
DA:4,1
DA:6,1
DA:8,1
DA:11,1
DA:12,1
DA:14,1
DA:19,1
LF:9
LH:9
BRF:0
BRH:0
end_of_record
TN:
SF:/home/william/Documents/PROGRAMMING/Automart-Api/controllers/orders.js
FN:3,(anonymous_0)
FN:17,(anonymous_1)
FN:28,(anonymous_2)
FNF:3
FNH:3
FNDA:1,(anonymous_0)
FNDA:1,(anonymous_1)
FNDA:2,(anonymous_2)
DA:1,1
DA:3,1
DA:4,1
DA:6,1
DA:7,1
DA:9,1
DA:14,1
DA:17,1
DA:18,1
DA:20,1
DA:25,1
DA:28,1
DA:29,2
DA:31,2
DA:32,1
DA:33,1
DA:35,1
DA:40,1
DA:41,1
DA:43,0
DA:46,1
LF:21
LH:20
BRDA:31,0,0,1
BRDA:31,0,1,1
BRDA:40,1,0,1
BRDA:40,1,1,0
BRF:4
BRH:3
end_of_record
TN:
SF:/home/william/Documents/PROGRAMMING/Automart-Api/controllers/users.js
FN:4,(anonymous_0)
FN:29,(anonymous_1)
FNF:2
FNH:2
FNDA:1,(anonymous_0)
FNDA:1,(anonymous_1)
DA:1,1
DA:2,1
DA:4,1
DA:5,1
DA:14,1
DA:16,1
DA:20,1
DA:22,1
DA:26,1
DA:29,1
DA:30,1
DA:35,1
DA:37,1
DA:38,1
DA:42,1
DA:44,1
DA:48,1
DA:50,0
DA:54,0
LF:19
LH:17
BRDA:37,0,0,1
BRDA:37,0,1,0
BRF:2
BRH:1
end_of_record
TN:
SF:/home/william/Documents/PROGRAMMING/Automart-Api/models/cars.js
FN:6,(anonymous_0)
FN:18,(anonymous_1)
FN:25,(anonymous_2)
FN:29,(anonymous_3)
FN:40,(anonymous_4)
FN:52,(anonymous_5)
FN:90,(anonymous_6)
FN:103,(anonymous_7)
FNF:8
FNH:8
FNDA:4,(anonymous_0)
FNDA:4,(anonymous_1)
FNDA:4,(anonymous_2)
FNDA:9,(anonymous_3)
FNDA:3,(anonymous_4)
FNDA:3,(anonymous_5)
FNDA:1,(anonymous_6)
FNDA:4,(anonymous_7)
DA:1,1
DA:3,1
DA:7,4
DA:8,4
DA:9,4
DA:10,4
DA:11,4
DA:12,4
DA:13,4
DA:14,4
DA:15,4
DA:19,4
DA:22,4
DA:26,4
DA:30,9
DA:31,9
DA:32,32
DA:33,4
DA:34,4
DA:37,9
DA:41,3
DA:42,3
DA:43,12
DA:44,3
DA:45,3
DA:46,3
DA:49,3
DA:53,3
DA:54,3
DA:55,3
DA:56,12
DA:57,12
DA:58,16
DA:59,8
DA:60,4
DA:61,4
DA:63,0
DA:64,0
DA:67,8
DA:68,4
DA:69,2
DA:71,2
DA:72,2
DA:75,8
DA:76,1
DA:78,7
DA:79,7
DA:82,12
DA:83,3
DA:87,3
DA:91,1
DA:92,1
DA:93,4
DA:94,1
DA:96,1
DA:97,1
DA:100,1
DA:104,4
DA:108,1
LF:59
LH:57
BRDA:32,0,0,4
BRDA:32,0,1,28
BRDA:43,1,0,3
BRDA:43,1,1,9
BRDA:58,2,0,8
BRDA:58,2,1,8
BRDA:58,3,0,16
BRDA:58,3,1,12
BRDA:59,4,0,4
BRDA:59,4,1,4
BRDA:60,5,0,4
BRDA:60,5,1,0
BRDA:67,6,0,4
BRDA:67,6,1,4
BRDA:68,7,0,2
BRDA:68,7,1,2
BRDA:75,8,0,1
BRDA:75,8,1,7
BRDA:82,9,0,3
BRDA:82,9,1,9
BRDA:93,10,0,1
BRDA:93,10,1,3
BRF:22
BRH:21
end_of_record
TN:
SF:/home/william/Documents/PROGRAMMING/Automart-Api/models/flags.js
FN:6,(anonymous_0)
FN:14,(anonymous_1)
FN:20,(anonymous_2)
FN:24,(anonymous_3)
FNF:4
FNH:4
FNDA:1,(anonymous_0)
FNDA:1,(anonymous_1)
FNDA:1,(anonymous_2)
FNDA:1,(anonymous_3)
DA:1,1
DA:3,1
DA:7,1
DA:8,1
DA:9,1
DA:10,1
DA:11,1
DA:15,1
DA:17,1
DA:21,1
DA:25,1
DA:29,1
LF:12
LH:12
BRF:0
BRH:0
end_of_record
TN:
SF:/home/william/Documents/PROGRAMMING/Automart-Api/models/orders.js
FN:8,(anonymous_0)
FN:17,(anonymous_1)
FN:32,(anonymous_2)
FN:39,(anonymous_3)
FN:59,(anonymous_4)
FN:63,(anonymous_5)
FNF:6
FNH:6
FNDA:3,(anonymous_0)
FNDA:4,(anonymous_1)
FNDA:3,(anonymous_2)
FNDA:1,(anonymous_3)
FNDA:1,(anonymous_4)
FNDA:3,(anonymous_5)
DA:1,1
DA:3,1
DA:5,1
DA:9,3
DA:10,3
DA:11,3
DA:12,3
DA:13,3
DA:14,3
DA:18,4
DA:19,4
DA:20,11
DA:21,3
DA:22,3
DA:25,4
DA:26,3
DA:27,3
DA:29,4
DA:33,3
DA:36,3
DA:40,1
DA:42,1
DA:43,1
DA:44,3
DA:47,1
DA:48,1
DA:49,1
DA:52,1
DA:56,1
DA:60,1
DA:64,3
DA:68,1
LF:32
LH:32
BRDA:20,0,0,3
BRDA:20,0,1,8
BRDA:25,1,0,3
BRDA:25,1,1,1
BRDA:27,2,0,0
BRDA:27,2,1,3
BRDA:44,3,0,1
BRDA:44,3,1,2
BRDA:52,4,0,1
BRDA:52,4,1,0
BRF:10
BRH:8
end_of_record
TN:
SF:/home/william/Documents/PROGRAMMING/Automart-Api/models/testData.js
FN:5,(anonymous_0)
FNF:1
FNH:1
FNDA:1,(anonymous_0)
DA:1,1
DA:2,1
DA:3,1
DA:5,1
DA:6,1
DA:14,1
DA:23,1
DA:32,1
DA:33,1
DA:34,1
DA:36,1
DA:38,1
DA:39,1
DA:41,1
DA:42,1
DA:43,1
DA:45,1
DA:47,1
LF:18
LH:18
BRF:0
BRH:0
end_of_record
TN:
SF:/home/william/Documents/PROGRAMMING/Automart-Api/models/users.js
FN:8,(anonymous_0)
FN:18,(anonymous_1)
FN:23,(anonymous_2)
FN:27,(anonymous_3)
FN:34,(anonymous_4)
FN:55,(anonymous_5)
FN:62,(anonymous_6)
FN:66,(anonymous_7)
FNF:8
FNH:8
FNDA:6,(anonymous_0)
FNDA:6,(anonymous_1)
FNDA:6,(anonymous_2)
FNDA:4,(anonymous_3)
FNDA:4,(anonymous_4)
FNDA:5,(anonymous_5)
FNDA:1,(anonymous_6)
FNDA:6,(anonymous_7)
DA:1,1
DA:2,1
DA:5,1
DA:9,6
DA:10,6
DA:11,6
DA:12,6
DA:13,6
DA:14,6
DA:15,6
DA:19,6
DA:20,6
DA:24,6
DA:28,4
DA:29,2
DA:31,2
DA:35,4
DA:37,4
DA:41,4
DA:42,4
DA:44,4
DA:45,2
DA:46,2
DA:49,0
DA:50,0
DA:52,4
DA:56,5
DA:59,5
DA:63,1
DA:67,6
DA:68,13
DA:69,5
DA:72,1
DA:76,1
LF:34
LH:32
BRDA:28,0,0,2
BRDA:28,0,1,2
BRDA:41,1,0,4
BRDA:41,1,1,0
BRDA:44,2,0,2
BRDA:44,2,1,2
BRDA:68,3,0,5
BRDA:68,3,1,8
BRF:8
BRH:7
end_of_record
TN:
SF:/home/william/Documents/PROGRAMMING/Automart-Api/routers/cars.js
FNF:0
FNH:0
DA:1,1
DA:3,1
DA:5,1
DA:7,1
DA:8,1
DA:9,1
DA:10,1
DA:11,1
DA:12,1
DA:14,1
LF:10
LH:10
BRF:0
BRH:0
end_of_record
TN:
SF:/home/william/Documents/PROGRAMMING/Automart-Api/routers/flags.js
FNF:0
FNH:0
DA:1,1
DA:3,1
DA:5,1
DA:7,1
DA:8,1
DA:10,1
LF:6
LH:6
BRF:0
BRH:0
end_of_record
TN:
SF:/home/william/Documents/PROGRAMMING/Automart-Api/routers/orders.js
FNF:0
FNH:0
DA:1,1
DA:3,1
DA:5,1
DA:7,1
DA:8,1
DA:9,1
DA:11,1
LF:7
LH:7
BRF:0
BRH:0
end_of_record
TN:
SF:/home/william/Documents/PROGRAMMING/Automart-Api/routers/users.js
FNF:0
FNH:0
DA:1,1
DA:3,1
DA:5,1
DA:7,1
DA:8,1
DA:10,1
LF:6
LH:6
BRF:0
BRH:0
end_of_record
